<?xml version="1.0" encoding="utf-8"?><testsuites name="pytest tests"><testsuite name="pytest" errors="0" failures="0" skipped="0" tests="98" time="114.679" timestamp="2026-04-28T16:01:41.507686+00:00" hostname="agent-env-34c7d5ae-8395-46f6-a6b1-bb7fd1519a66"><testcase classname="backend.tests.test_pericl_admin_pydantic.TestAuthMe" name="test_super_admin_role" time="0.142" /><testcase classname="backend.tests.test_pericl_admin_pydantic.TestAuthMe" name="test_regular_user_role" time="0.261" /><testcase classname="backend.tests.test_pericl_admin_pydantic.TestAdminEndpoints" name="test_admin_users_super_admin" time="0.157" /><testcase classname="backend.tests.test_pericl_admin_pydantic.TestAdminEndpoints" name="test_admin_users_regular_403" time="0.222" /><testcase classname="backend.tests.test_pericl_admin_pydantic.TestAdminEndpoints" name="test_admin_stats_super_admin" time="0.151" /><testcase classname="backend.tests.test_pericl_admin_pydantic.TestAdminEndpoints" name="test_admin_stats_regular_403" time="0.127" /><testcase classname="backend.tests.test_pericl_admin_pydantic.TestRoleUpdates" name="test_promote_user_to_admin_then_demote" time="0.520" /><testcase classname="backend.tests.test_pericl_admin_pydantic.TestRoleUpdates" name="test_regular_admin_cannot_grant_admin" time="0.397" /><testcase classname="backend.tests.test_pericl_admin_pydantic.TestRoleUpdates" name="test_super_admin_cannot_be_demoted" time="0.129" /><testcase classname="backend.tests.test_pericl_admin_pydantic.TestRoleUpdates" name="test_invalid_role" time="0.121" /><testcase classname="backend.tests.test_pericl_admin_pydantic.TestDeleteUser" name="test_regular_admin_cannot_delete" time="0.477" /><testcase classname="backend.tests.test_pericl_admin_pydantic.TestDeleteUser" name="test_cannot_delete_super_admin" time="0.126" /><testcase classname="backend.tests.test_pericl_admin_pydantic.TestDeleteUser" name="test_super_admin_can_delete_user_cascade" time="1.464" /><testcase classname="backend.tests.test_pericl_admin_pydantic.TestPydanticScores" name="test_invalid_scores_400" time="0.134" /><testcase classname="backend.tests.test_pericl_admin_pydantic.TestPydanticScores" name="test_empty_scores_defaults_to_zero" time="7.327" /><testcase classname="backend.tests.test_pericl_admin_pydantic.TestPydanticScores" name="test_personality_analyze_invalid_scores" time="0.189" /><testcase classname="backend.tests.test_pericl_admin_pydantic.TestRegression" name="test_text_note" time="3.199" /><testcase classname="backend.tests.test_pericl_admin_pydantic.TestRegression" name="test_timeline" time="0.113" /><testcase classname="backend.tests.test_pericl_admin_pydantic.TestRegression" name="test_profile" time="0.115" /><testcase classname="backend.tests.test_pericl_admin_pydantic.TestRegression" name="test_categorize" time="1.086" /><testcase classname="backend.tests.test_pericl_backend" name="test_health_root" time="0.123" /><testcase classname="backend.tests.test_pericl_backend" name="test_auth_me_unauthenticated" time="0.117" /><testcase classname="backend.tests.test_pericl_backend" name="test_auth_me_with_bearer" time="0.123" /><testcase classname="backend.tests.test_pericl_backend" name="test_create_text_note_with_extracted" time="3.037" /><testcase classname="backend.tests.test_pericl_backend" name="test_timeline_returns_items" time="0.115" /><testcase classname="backend.tests.test_pericl_backend" name="test_patch_item_complete" time="0.119" /><testcase classname="backend.tests.test_pericl_backend" name="test_patch_item_invalid_field" time="0.133" /><testcase classname="backend.tests.test_pericl_backend" name="test_patch_item_not_found" time="0.108" /><testcase classname="backend.tests.test_pericl_backend" name="test_delete_extracted_item" time="0.242" /><testcase classname="backend.tests.test_pericl_backend" name="test_recap_today" time="1.930" /><testcase classname="backend.tests.test_pericl_backend" name="test_voice_note_upload_and_audio_stream" time="3.047" /><testcase classname="backend.tests.test_pericl_backend" name="test_voice_note_empty_audio_rejected" time="0.111" /><testcase classname="backend.tests.test_pericl_backend" name="test_text_note_empty_rejected" time="0.130" /><testcase classname="backend.tests.test_pericl_backend" name="test_audio_not_found" time="0.135" /><testcase classname="backend.tests.test_pericl_mirror_chat.TestHelpers" name="test_parse_top_goals_3_lines" time="0.000" /><testcase classname="backend.tests.test_pericl_mirror_chat.TestHelpers" name="test_parse_top_goals_empty" time="0.000" /><testcase classname="backend.tests.test_pericl_mirror_chat.TestHelpers" name="test_parse_top_goals_sentences" time="0.000" /><testcase classname="backend.tests.test_pericl_mirror_chat.TestHelpers" name="test_compute_behavior_signals" time="0.000" /><testcase classname="backend.tests.test_pericl_mirror_chat.TestStatelessChatMirror" name="test_drift_scenario_structure" time="3.217" /><testcase classname="backend.tests.test_pericl_mirror_chat.TestStatelessChatMirror" name="test_high_energy_scenario" time="4.531" /><testcase classname="backend.tests.test_pericl_mirror_chat.TestStatelessChatMirror" name="test_sad_mood_softer_tone" time="4.641" /><testcase classname="backend.tests.test_pericl_mirror_chat.TestStatelessChatMirror" name="test_empty_message_400" time="0.142" /><testcase classname="backend.tests.test_pericl_mirror_chat.TestStatelessChatMirror" name="test_missing_optional_fields_still_works" time="4.829" /><testcase classname="backend.tests.test_pericl_mirror_chat.TestStatelessChatMirror" name="test_unauth_401" time="0.127" /><testcase classname="backend.tests.test_pericl_mirror_chat.TestCloudChatMirror" name="test_cloud_chat_reply_structure" time="6.046" /><testcase classname="backend.tests.test_pericl_mirror_chat.TestRegressionEndpoints" name="test_auth_me" time="0.112" /><testcase classname="backend.tests.test_pericl_mirror_chat.TestRegressionEndpoints" name="test_timeline" time="0.122" /><testcase classname="backend.tests.test_pericl_mirror_chat.TestRegressionEndpoints" name="test_storage_pref" time="0.122" /><testcase classname="backend.tests.test_pericl_mirror_chat.TestRegressionEndpoints" name="test_admin_users_super" time="0.153" /><testcase classname="backend.tests.test_pericl_mirror_chat.TestRegressionEndpoints" name="test_ai_categorize" time="3.723" /><testcase classname="backend.tests.test_pericl_mirror_chat.TestRegressionEndpoints" name="test_daily_prompt" time="0.128" /><testcase classname="backend.tests.test_pericl_mirror_chat.TestRegressionEndpoints" name="test_recap_stateless" time="1.609" /><testcase classname="backend.tests.test_pericl_mirror_chat.TestRegressionEndpoints" name="test_personality_assess_validation" time="5.885" /><testcase classname="backend.tests.test_pericl_new_features" name="test_auth_me_works" time="0.142" /><testcase classname="backend.tests.test_pericl_new_features.TestProfile" name="test_get_default_profile" time="0.113" /><testcase classname="backend.tests.test_pericl_new_features.TestProfile" name="test_put_profile_persists" time="0.306" /><testcase classname="backend.tests.test_pericl_new_features.TestPersonality" name="test_assess_returns_mbti" time="5.973" /><testcase classname="backend.tests.test_pericl_new_features.TestPersonality" name="test_personality_latest" time="0.144" /><testcase classname="backend.tests.test_pericl_new_features.TestPersonality" name="test_personality_result_by_id" time="0.148" /><testcase classname="backend.tests.test_pericl_new_features.TestPersonality" name="test_personality_result_not_found" time="0.145" /><testcase classname="backend.tests.test_pericl_new_features.TestAiChat" name="test_clear_chat_first" time="0.130" /><testcase classname="backend.tests.test_pericl_new_features.TestAiChat" name="test_messages_initially_empty" time="0.124" /><testcase classname="backend.tests.test_pericl_new_features.TestAiChat" name="test_chat_send" time="7.937" /><testcase classname="backend.tests.test_pericl_new_features.TestAiChat" name="test_messages_persist_chronological" time="0.203" /><testcase classname="backend.tests.test_pericl_new_features.TestAiChat" name="test_delete_single_message" time="0.263" /><testcase classname="backend.tests.test_pericl_new_features.TestAiChat" name="test_clear_all_messages" time="0.303" /><testcase classname="backend.tests.test_pericl_new_features.TestAiChat" name="test_chat_empty_message_rejected" time="0.157" /><testcase classname="backend.tests.test_pericl_new_features.TestDailyPrompt" name="test_get_creates_today_prompt" time="0.121" /><testcase classname="backend.tests.test_pericl_new_features.TestDailyPrompt" name="test_get_idempotent" time="0.112" /><testcase classname="backend.tests.test_pericl_new_features.TestDailyPrompt" name="test_respond_marks_completed" time="0.120" /><testcase classname="backend.tests.test_pericl_new_features.TestDailyPrompt" name="test_respond_empty_rejected" time="0.164" /><testcase classname="backend.tests.test_pericl_new_features.TestDailyPrompt" name="test_history_contains_today" time="0.115" /><testcase classname="backend.tests.test_pericl_new_features.TestDailyPrompt" name="test_delete_prompt" time="0.266" /><testcase classname="backend.tests.test_pericl_new_features" name="test_unauthenticated_profile" time="0.252" /><testcase classname="backend.tests.test_pericl_new_features" name="test_unauthenticated_chat" time="0.122" /><testcase classname="backend.tests.test_pericl_privacy_stateless.TestStoragePref" name="test_get_default_pref" time="0.300" /><testcase classname="backend.tests.test_pericl_privacy_stateless.TestStoragePref" name="test_put_cloud_clears_next_prompt" time="0.117" /><testcase classname="backend.tests.test_pericl_privacy_stateless.TestStoragePref" name="test_put_never_clears_next_prompt" time="0.114" /><testcase classname="backend.tests.test_pericl_privacy_stateless.TestStoragePref" name="test_put_invalid_mode" time="0.132" /><testcase classname="backend.tests.test_pericl_privacy_stateless.TestStoragePref" name="test_put_local_sets_next_prompt" time="0.128" /><testcase classname="backend.tests.test_pericl_privacy_stateless.TestStoragePref" name="test_prompt_shown_pushes_next" time="0.413" /><testcase classname="backend.tests.test_pericl_privacy_stateless.TestStoragePref" name="test_unauth_storage" time="0.243" /><testcase classname="backend.tests.test_pericl_privacy_stateless.TestStatelessNoWrites" name="test_categorize_no_writes" time="3.023" /><testcase classname="backend.tests.test_pericl_privacy_stateless.TestStatelessNoWrites" name="test_categorize_empty_rejected" time="0.140" /><testcase classname="backend.tests.test_pericl_privacy_stateless.TestStatelessNoWrites" name="test_personality_analyze_no_writes" time="6.063" /><testcase classname="backend.tests.test_pericl_privacy_stateless.TestStatelessNoWrites" name="test_chat_stateless_no_writes_and_identity" time="3.709" /><testcase classname="backend.tests.test_pericl_privacy_stateless.TestStatelessNoWrites" name="test_chat_stateless_empty_rejected" time="0.128" /><testcase classname="backend.tests.test_pericl_privacy_stateless.TestStatelessNoWrites" name="test_recap_stateless_no_writes" time="1.465" /><testcase classname="backend.tests.test_pericl_privacy_stateless.TestStatelessNoWrites" name="test_daily_prompt_pick_no_writes" time="0.209" /><testcase classname="backend.tests.test_pericl_privacy_stateless.TestStatelessNoWrites" name="test_transcribe_empty_audio_rejected" time="0.157" /><testcase classname="backend.tests.test_pericl_privacy_stateless.TestStatelessNoWrites" name="test_unauth_stateless" time="0.243" /><testcase classname="backend.tests.test_pericl_privacy_stateless.TestExistingCloudEndpointsRegression" name="test_notes_text_still_writes" time="1.665" /><testcase classname="backend.tests.test_pericl_privacy_stateless.TestExistingCloudEndpointsRegression" name="test_timeline_returns_list" time="0.158" /><testcase classname="backend.tests.test_pericl_privacy_stateless.TestExistingCloudEndpointsRegression" name="test_profile_get_put" time="0.246" /><testcase classname="backend.tests.test_pericl_privacy_stateless.TestExistingCloudEndpointsRegression" name="test_personality_assess_writes" time="7.035" /><testcase classname="backend.tests.test_pericl_privacy_stateless.TestExistingCloudEndpointsRegression" name="test_ai_chat_writes" time="6.573" /><testcase classname="backend.tests.test_pericl_privacy_stateless.TestExistingCloudEndpointsRegression" name="test_daily_prompt_today" time="0.211" /><testcase classname="backend.tests.test_pericl_privacy_stateless.TestExistingCloudEndpointsRegression" name="test_recap_today" time="1.767" /></testsuite></testsuites>