<?xml version="1.0" encoding="utf-8"?><testsuites name="pytest tests"><testsuite name="pytest" errors="0" failures="0" skipped="0" tests="20" time="19.289" timestamp="2026-05-08T12:22:20.782202+00:00" hostname="agent-env-34c7d5ae-8395-46f6-a6b1-bb7fd1519a66"><testcase classname="backend.tests.test_pericl_p1_p2_features.TestAuthAndRegression" name="test_auth_me_user" time="0.184" /><testcase classname="backend.tests.test_pericl_p1_p2_features.TestAuthAndRegression" name="test_auth_me_admin" time="0.104" /><testcase classname="backend.tests.test_pericl_p1_p2_features.TestAuthAndRegression" name="test_timeline" time="0.143" /><testcase classname="backend.tests.test_pericl_p1_p2_features.TestAuthAndRegression" name="test_storage_pref" time="0.085" /><testcase classname="backend.tests.test_pericl_p1_p2_features.TestAuthAndRegression" name="test_missions" time="0.057" /><testcase classname="backend.tests.test_pericl_p1_p2_features.TestAuthAndRegression" name="test_personality_latest" time="0.054" /><testcase classname="backend.tests.test_pericl_p1_p2_features.TestSearch" name="test_search_empty_query" time="0.052" /><testcase classname="backend.tests.test_pericl_p1_p2_features.TestSearch" name="test_search_returns_shape" time="0.057" /><testcase classname="backend.tests.test_pericl_p1_p2_features.TestSearch" name="test_search_after_creating_unique_note" time="3.848" /><testcase classname="backend.tests.test_pericl_p1_p2_features.TestSearch" name="test_search_unauthenticated" time="0.148" /><testcase classname="backend.tests.test_pericl_p1_p2_features.TestBigFive" name="test_big_five_assess_persists" time="6.776" /><testcase classname="backend.tests.test_pericl_p1_p2_features.TestBigFive" name="test_big_five_stateless_no_persist" time="6.814" /><testcase classname="backend.tests.test_pericl_p1_p2_features.TestBigFive" name="test_big_five_empty_answers" time="0.065" /><testcase classname="backend.tests.test_pericl_p1_p2_features.TestMoodTimeline" name="test_mood_timeline_default" time="0.060" /><testcase classname="backend.tests.test_pericl_p1_p2_features.TestMoodTimeline" name="test_mood_timeline_days_param" time="0.056" /><testcase classname="backend.tests.test_pericl_p1_p2_features.TestSync" name="test_sync_export_shape" time="0.069" /><testcase classname="backend.tests.test_pericl_p1_p2_features.TestSync" name="test_sync_import_idempotent" time="0.300" /><testcase classname="backend.tests.test_pericl_p1_p2_features.TestAuditLog" name="test_audit_log_listing" time="0.057" /><testcase classname="backend.tests.test_pericl_p1_p2_features.TestAuditLog" name="test_audit_log_user_forbidden" time="0.058" /><testcase classname="backend.tests.test_pericl_p1_p2_features.TestAuditLog" name="test_role_change_writes_audit" time="0.203" /></testsuite></testsuites>