<?xml version="1.0" encoding="utf-8"?><testsuites name="pytest tests"><testsuite name="pytest" errors="0" failures="1" skipped="0" tests="79" time="98.121" timestamp="2026-05-08T12:23:19.205549+00:00" hostname="agent-env-34c7d5ae-8395-46f6-a6b1-bb7fd1519a66"><testcase classname="backend.tests.test_pericl_backend" name="test_health_root" time="0.139" /><testcase classname="backend.tests.test_pericl_backend" name="test_auth_me_unauthenticated" time="0.136" /><testcase classname="backend.tests.test_pericl_backend" name="test_auth_me_with_bearer" time="0.114" /><testcase classname="backend.tests.test_pericl_backend" name="test_create_text_note_with_extracted" time="6.128" /><testcase classname="backend.tests.test_pericl_backend" name="test_timeline_returns_items" time="0.160" /><testcase classname="backend.tests.test_pericl_backend" name="test_patch_item_complete" time="0.102" /><testcase classname="backend.tests.test_pericl_backend" name="test_patch_item_invalid_field" time="0.115" /><testcase classname="backend.tests.test_pericl_backend" name="test_patch_item_not_found" time="0.113" /><testcase classname="backend.tests.test_pericl_backend" name="test_delete_extracted_item" time="0.220" /><testcase classname="backend.tests.test_pericl_backend" name="test_recap_today" time="1.492" /><testcase classname="backend.tests.test_pericl_backend" name="test_voice_note_upload_and_audio_stream" time="4.661" /><testcase classname="backend.tests.test_pericl_backend" name="test_voice_note_empty_audio_rejected" time="0.133" /><testcase classname="backend.tests.test_pericl_backend" name="test_text_note_empty_rejected" time="0.103" /><testcase classname="backend.tests.test_pericl_backend" name="test_audio_not_found" time="0.117" /><testcase classname="backend.tests.test_pericl_admin_pydantic.TestAuthMe" name="test_super_admin_role" time="0.104" /><testcase classname="backend.tests.test_pericl_admin_pydantic.TestAuthMe" name="test_regular_user_role" time="0.211" /><testcase classname="backend.tests.test_pericl_admin_pydantic.TestAdminEndpoints" name="test_admin_users_super_admin" time="0.117" /><testcase classname="backend.tests.test_pericl_admin_pydantic.TestAdminEndpoints" name="test_admin_users_regular_403" time="0.210" /><testcase classname="backend.tests.test_pericl_admin_pydantic.TestAdminEndpoints" name="test_admin_stats_super_admin" time="0.124" /><testcase classname="backend.tests.test_pericl_admin_pydantic.TestAdminEndpoints" name="test_admin_stats_regular_403" time="0.106" /><testcase classname="backend.tests.test_pericl_admin_pydantic.TestRoleUpdates" name="test_promote_user_to_admin_then_demote" time="0.443" /><testcase classname="backend.tests.test_pericl_admin_pydantic.TestRoleUpdates" name="test_regular_admin_cannot_grant_admin" time="0.367" /><testcase classname="backend.tests.test_pericl_admin_pydantic.TestRoleUpdates" name="test_super_admin_cannot_be_demoted" time="0.101" /><testcase classname="backend.tests.test_pericl_admin_pydantic.TestRoleUpdates" name="test_invalid_role" time="0.124" /><testcase classname="backend.tests.test_pericl_admin_pydantic.TestDeleteUser" name="test_regular_admin_cannot_delete" time="0.331" /><testcase classname="backend.tests.test_pericl_admin_pydantic.TestDeleteUser" name="test_cannot_delete_super_admin" time="0.104" /><testcase classname="backend.tests.test_pericl_admin_pydantic.TestDeleteUser" name="test_super_admin_can_delete_user_cascade" time="0.920"><failure message="AssertionError: Cascade failed: 1|0|0|0&#10;  &#10;assert '0|0|0|0' in '1|0|0|0\n'&#10; +  where '1|0|0|0\n' = CompletedProcess(args=['mongosh', 'test_database', '--quiet', '--eval', 'print(db.users.countDocuments({user_id:&quot;TEST_...b.user_sessions.countDocuments({user_id:&quot;TEST_throwaway_user_iter4&quot;}));'], returncode=0, stdout='1|0|0|0\n', stderr='').stdout">E   AssertionError: Cascade failed: 1|0|0|0
      
    assert '0|0|0|0' in '1|0|0|0\n'
     +  where '1|0|0|0\n' = CompletedProcess(args=['mongosh', 'test_database', '--quiet', '--eval', 'print(db.users.countDocuments({user_id:"TEST_...b.user_sessions.countDocuments({user_id:"TEST_throwaway_user_iter4"}));'], returncode=0, stdout='1|0|0|0\n', stderr='').stdout</failure></testcase><testcase classname="backend.tests.test_pericl_admin_pydantic.TestPydanticScores" name="test_invalid_scores_400" time="0.099" /><testcase classname="backend.tests.test_pericl_admin_pydantic.TestPydanticScores" name="test_empty_scores_defaults_to_zero" time="7.673" /><testcase classname="backend.tests.test_pericl_admin_pydantic.TestPydanticScores" name="test_personality_analyze_invalid_scores" time="0.136" /><testcase classname="backend.tests.test_pericl_admin_pydantic.TestRegression" name="test_text_note" time="4.562" /><testcase classname="backend.tests.test_pericl_admin_pydantic.TestRegression" name="test_timeline" time="0.133" /><testcase classname="backend.tests.test_pericl_admin_pydantic.TestRegression" name="test_profile" time="0.107" /><testcase classname="backend.tests.test_pericl_admin_pydantic.TestRegression" name="test_categorize" time="1.104" /><testcase classname="backend.tests.test_pericl_privacy_stateless.TestStoragePref" name="test_get_default_pref" time="0.322" /><testcase classname="backend.tests.test_pericl_privacy_stateless.TestStoragePref" name="test_put_cloud_clears_next_prompt" time="0.115" /><testcase classname="backend.tests.test_pericl_privacy_stateless.TestStoragePref" name="test_put_never_clears_next_prompt" time="0.109" /><testcase classname="backend.tests.test_pericl_privacy_stateless.TestStoragePref" name="test_put_invalid_mode" time="0.099" /><testcase classname="backend.tests.test_pericl_privacy_stateless.TestStoragePref" name="test_put_local_sets_next_prompt" time="0.104" /><testcase classname="backend.tests.test_pericl_privacy_stateless.TestStoragePref" name="test_prompt_shown_pushes_next" time="0.361" /><testcase classname="backend.tests.test_pericl_privacy_stateless.TestStoragePref" name="test_unauth_storage" time="0.102" /><testcase classname="backend.tests.test_pericl_privacy_stateless.TestStatelessNoWrites" name="test_categorize_no_writes" time="1.737" /><testcase classname="backend.tests.test_pericl_privacy_stateless.TestStatelessNoWrites" name="test_categorize_empty_rejected" time="0.114" /><testcase classname="backend.tests.test_pericl_privacy_stateless.TestStatelessNoWrites" name="test_personality_analyze_no_writes" time="6.651" /><testcase classname="backend.tests.test_pericl_privacy_stateless.TestStatelessNoWrites" name="test_chat_stateless_no_writes_and_identity" time="5.508" /><testcase classname="backend.tests.test_pericl_privacy_stateless.TestStatelessNoWrites" name="test_chat_stateless_empty_rejected" time="0.123" /><testcase classname="backend.tests.test_pericl_privacy_stateless.TestStatelessNoWrites" name="test_recap_stateless_no_writes" time="1.876" /><testcase classname="backend.tests.test_pericl_privacy_stateless.TestStatelessNoWrites" name="test_daily_prompt_pick_no_writes" time="0.154" /><testcase classname="backend.tests.test_pericl_privacy_stateless.TestStatelessNoWrites" name="test_transcribe_empty_audio_rejected" time="0.112" /><testcase classname="backend.tests.test_pericl_privacy_stateless.TestStatelessNoWrites" name="test_unauth_stateless" time="0.224" /><testcase classname="backend.tests.test_pericl_privacy_stateless.TestExistingCloudEndpointsRegression" name="test_notes_text_still_writes" time="3.739" /><testcase classname="backend.tests.test_pericl_privacy_stateless.TestExistingCloudEndpointsRegression" name="test_timeline_returns_list" time="0.151" /><testcase classname="backend.tests.test_pericl_privacy_stateless.TestExistingCloudEndpointsRegression" name="test_profile_get_put" time="0.236" /><testcase classname="backend.tests.test_pericl_privacy_stateless.TestExistingCloudEndpointsRegression" name="test_personality_assess_writes" time="6.936" /><testcase classname="backend.tests.test_pericl_privacy_stateless.TestExistingCloudEndpointsRegression" name="test_ai_chat_writes" time="7.936" /><testcase classname="backend.tests.test_pericl_privacy_stateless.TestExistingCloudEndpointsRegression" name="test_daily_prompt_today" time="0.122" /><testcase classname="backend.tests.test_pericl_privacy_stateless.TestExistingCloudEndpointsRegression" name="test_recap_today" time="2.023" /><testcase classname="backend.tests.test_pericl_new_features" name="test_auth_me_works" time="0.129" /><testcase classname="backend.tests.test_pericl_new_features.TestProfile" name="test_get_default_profile" time="0.117" /><testcase classname="backend.tests.test_pericl_new_features.TestProfile" name="test_put_profile_persists" time="0.234" /><testcase classname="backend.tests.test_pericl_new_features.TestPersonality" name="test_assess_returns_mbti" time="6.569" /><testcase classname="backend.tests.test_pericl_new_features.TestPersonality" name="test_personality_latest" time="0.148" /><testcase classname="backend.tests.test_pericl_new_features.TestPersonality" name="test_personality_result_by_id" time="0.113" /><testcase classname="backend.tests.test_pericl_new_features.TestPersonality" name="test_personality_result_not_found" time="0.120" /><testcase classname="backend.tests.test_pericl_new_features.TestAiChat" name="test_clear_chat_first" time="0.140" /><testcase classname="backend.tests.test_pericl_new_features.TestAiChat" name="test_messages_initially_empty" time="0.128" /><testcase classname="backend.tests.test_pericl_new_features.TestAiChat" name="test_chat_send" time="18.735" /><testcase classname="backend.tests.test_pericl_new_features.TestAiChat" name="test_messages_persist_chronological" time="0.198" /><testcase classname="backend.tests.test_pericl_new_features.TestAiChat" name="test_delete_single_message" time="0.239" /><testcase classname="backend.tests.test_pericl_new_features.TestAiChat" name="test_clear_all_messages" time="0.237" /><testcase classname="backend.tests.test_pericl_new_features.TestAiChat" name="test_chat_empty_message_rejected" time="0.121" /><testcase classname="backend.tests.test_pericl_new_features.TestDailyPrompt" name="test_get_creates_today_prompt" time="0.125" /><testcase classname="backend.tests.test_pericl_new_features.TestDailyPrompt" name="test_get_idempotent" time="0.109" /><testcase classname="backend.tests.test_pericl_new_features.TestDailyPrompt" name="test_respond_marks_completed" time="0.119" /><testcase classname="backend.tests.test_pericl_new_features.TestDailyPrompt" name="test_respond_empty_rejected" time="0.107" /><testcase classname="backend.tests.test_pericl_new_features.TestDailyPrompt" name="test_history_contains_today" time="0.120" /><testcase classname="backend.tests.test_pericl_new_features.TestDailyPrompt" name="test_delete_prompt" time="0.260" /><testcase classname="backend.tests.test_pericl_new_features" name="test_unauthenticated_profile" time="0.108" /><testcase classname="backend.tests.test_pericl_new_features" name="test_unauthenticated_chat" time="0.107" /></testsuite></testsuites>