<?xml version="1.0" encoding="utf-8"?><testsuites name="pytest tests"><testsuite name="pytest" errors="0" failures="0" skipped="0" tests="20" time="17.678" timestamp="2026-04-28T14:48:00.633123+00:00" hostname="agent-env-34c7d5ae-8395-46f6-a6b1-bb7fd1519a66"><testcase classname="backend.tests.test_pericl_admin_pydantic.TestAuthMe" name="test_super_admin_role" time="0.214" /><testcase classname="backend.tests.test_pericl_admin_pydantic.TestAuthMe" name="test_regular_user_role" time="0.256" /><testcase classname="backend.tests.test_pericl_admin_pydantic.TestAdminEndpoints" name="test_admin_users_super_admin" time="0.190" /><testcase classname="backend.tests.test_pericl_admin_pydantic.TestAdminEndpoints" name="test_admin_users_regular_403" time="0.256" /><testcase classname="backend.tests.test_pericl_admin_pydantic.TestAdminEndpoints" name="test_admin_stats_super_admin" time="0.128" /><testcase classname="backend.tests.test_pericl_admin_pydantic.TestAdminEndpoints" name="test_admin_stats_regular_403" time="0.169" /><testcase classname="backend.tests.test_pericl_admin_pydantic.TestRoleUpdates" name="test_promote_user_to_admin_then_demote" time="0.664" /><testcase classname="backend.tests.test_pericl_admin_pydantic.TestRoleUpdates" name="test_regular_admin_cannot_grant_admin" time="0.421" /><testcase classname="backend.tests.test_pericl_admin_pydantic.TestRoleUpdates" name="test_super_admin_cannot_be_demoted" time="0.116" /><testcase classname="backend.tests.test_pericl_admin_pydantic.TestRoleUpdates" name="test_invalid_role" time="0.126" /><testcase classname="backend.tests.test_pericl_admin_pydantic.TestDeleteUser" name="test_regular_admin_cannot_delete" time="0.381" /><testcase classname="backend.tests.test_pericl_admin_pydantic.TestDeleteUser" name="test_cannot_delete_super_admin" time="0.132" /><testcase classname="backend.tests.test_pericl_admin_pydantic.TestDeleteUser" name="test_super_admin_can_delete_user_cascade" time="0.945" /><testcase classname="backend.tests.test_pericl_admin_pydantic.TestPydanticScores" name="test_invalid_scores_400" time="0.109" /><testcase classname="backend.tests.test_pericl_admin_pydantic.TestPydanticScores" name="test_empty_scores_defaults_to_zero" time="8.550" /><testcase classname="backend.tests.test_pericl_admin_pydantic.TestPydanticScores" name="test_personality_analyze_invalid_scores" time="0.148" /><testcase classname="backend.tests.test_pericl_admin_pydantic.TestRegression" name="test_text_note" time="1.722" /><testcase classname="backend.tests.test_pericl_admin_pydantic.TestRegression" name="test_timeline" time="0.119" /><testcase classname="backend.tests.test_pericl_admin_pydantic.TestRegression" name="test_profile" time="0.140" /><testcase classname="backend.tests.test_pericl_admin_pydantic.TestRegression" name="test_categorize" time="2.822" /></testsuite></testsuites>