<?xml version="1.0" encoding="utf-8"?><testsuites name="pytest tests"><testsuite name="pytest" errors="0" failures="0" skipped="0" tests="19" time="40.065" timestamp="2026-04-28T16:00:50.181741+00:00" hostname="agent-env-34c7d5ae-8395-46f6-a6b1-bb7fd1519a66"><testcase classname="backend.tests.test_pericl_mirror_chat.TestHelpers" name="test_parse_top_goals_3_lines" time="0.001" /><testcase classname="backend.tests.test_pericl_mirror_chat.TestHelpers" name="test_parse_top_goals_empty" time="0.000" /><testcase classname="backend.tests.test_pericl_mirror_chat.TestHelpers" name="test_parse_top_goals_sentences" time="0.000" /><testcase classname="backend.tests.test_pericl_mirror_chat.TestHelpers" name="test_compute_behavior_signals" time="0.000" /><testcase classname="backend.tests.test_pericl_mirror_chat.TestStatelessChatMirror" name="test_drift_scenario_structure" time="4.811" /><testcase classname="backend.tests.test_pericl_mirror_chat.TestStatelessChatMirror" name="test_high_energy_scenario" time="7.325" /><testcase classname="backend.tests.test_pericl_mirror_chat.TestStatelessChatMirror" name="test_sad_mood_softer_tone" time="5.021" /><testcase classname="backend.tests.test_pericl_mirror_chat.TestStatelessChatMirror" name="test_empty_message_400" time="0.219" /><testcase classname="backend.tests.test_pericl_mirror_chat.TestStatelessChatMirror" name="test_missing_optional_fields_still_works" time="3.345" /><testcase classname="backend.tests.test_pericl_mirror_chat.TestStatelessChatMirror" name="test_unauth_401" time="0.185" /><testcase classname="backend.tests.test_pericl_mirror_chat.TestCloudChatMirror" name="test_cloud_chat_reply_structure" time="6.732" /><testcase classname="backend.tests.test_pericl_mirror_chat.TestRegressionEndpoints" name="test_auth_me" time="0.122" /><testcase classname="backend.tests.test_pericl_mirror_chat.TestRegressionEndpoints" name="test_timeline" time="0.170" /><testcase classname="backend.tests.test_pericl_mirror_chat.TestRegressionEndpoints" name="test_storage_pref" time="0.136" /><testcase classname="backend.tests.test_pericl_mirror_chat.TestRegressionEndpoints" name="test_admin_users_super" time="0.147" /><testcase classname="backend.tests.test_pericl_mirror_chat.TestRegressionEndpoints" name="test_ai_categorize" time="3.233" /><testcase classname="backend.tests.test_pericl_mirror_chat.TestRegressionEndpoints" name="test_daily_prompt" time="0.175" /><testcase classname="backend.tests.test_pericl_mirror_chat.TestRegressionEndpoints" name="test_recap_stateless" time="1.685" /><testcase classname="backend.tests.test_pericl_mirror_chat.TestRegressionEndpoints" name="test_personality_assess_validation" time="5.045" /></testsuite></testsuites>