<?xml version="1.0" encoding="utf-8"?><testsuites name="pytest tests"><testsuite name="pytest" errors="0" failures="1" skipped="0" tests="23" time="23.048" timestamp="2026-04-28T17:02:57.597234+00:00" hostname="agent-env-34c7d5ae-8395-46f6-a6b1-bb7fd1519a66"><testcase classname="backend.tests.test_pericl_p1_p2_features.TestAuthAndRegression" name="test_auth_me_user" time="0.264" /><testcase classname="backend.tests.test_pericl_p1_p2_features.TestAuthAndRegression" name="test_auth_me_admin" time="0.197" /><testcase classname="backend.tests.test_pericl_p1_p2_features.TestAuthAndRegression" name="test_timeline" time="0.055" /><testcase classname="backend.tests.test_pericl_p1_p2_features.TestAuthAndRegression" name="test_storage_pref" time="0.061" /><testcase classname="backend.tests.test_pericl_p1_p2_features.TestAuthAndRegression" name="test_missions" time="0.056" /><testcase classname="backend.tests.test_pericl_p1_p2_features.TestAuthAndRegression" name="test_personality_latest" time="0.060" /><testcase classname="backend.tests.test_pericl_p1_p2_features.TestSearch" name="test_search_empty_query" time="0.077" /><testcase classname="backend.tests.test_pericl_p1_p2_features.TestSearch" name="test_search_returns_shape" time="0.070" /><testcase classname="backend.tests.test_pericl_p1_p2_features.TestSearch" name="test_search_after_creating_unique_note" time="3.805" /><testcase classname="backend.tests.test_pericl_p1_p2_features.TestSearch" name="test_search_unauthenticated" time="0.110" /><testcase classname="backend.tests.test_pericl_p1_p2_features.TestStreamingChat" name="test_stateless_stream_does_not_persist" time="1.065" /><testcase classname="backend.tests.test_pericl_p1_p2_features.TestStreamingChat" name="test_cloud_stream_persists_and_meta" time="4.196" /><testcase classname="backend.tests.test_pericl_p1_p2_features.TestStreamingChat" name="test_stream_empty_message" time="0.118" /><testcase classname="backend.tests.test_pericl_p1_p2_features.TestBigFive" name="test_big_five_assess_persists" time="6.535" /><testcase classname="backend.tests.test_pericl_p1_p2_features.TestBigFive" name="test_big_five_stateless_no_persist" time="5.382" /><testcase classname="backend.tests.test_pericl_p1_p2_features.TestBigFive" name="test_big_five_empty_answers" time="0.110" /><testcase classname="backend.tests.test_pericl_p1_p2_features.TestMoodTimeline" name="test_mood_timeline_default" time="0.105" /><testcase classname="backend.tests.test_pericl_p1_p2_features.TestMoodTimeline" name="test_mood_timeline_days_param" time="0.099" /><testcase classname="backend.tests.test_pericl_p1_p2_features.TestSync" name="test_sync_export_shape" time="0.089" /><testcase classname="backend.tests.test_pericl_p1_p2_features.TestSync" name="test_sync_import_idempotent" time="0.075"><failure message="AssertionError: Internal Server Error&#10;assert 500 == 200&#10; +  where 500 = &lt;Response [500]&gt;.status_code">backend/tests/test_pericl_p1_p2_features.py:301: in test_sync_import_idempotent
    assert r1.status_code == 200, r1.text
E   AssertionError: Internal Server Error
E   assert 500 == 200
E    +  where 500 = &lt;Response [500]&gt;.status_code</failure></testcase><testcase classname="backend.tests.test_pericl_p1_p2_features.TestAuditLog" name="test_audit_log_listing" time="0.057" /><testcase classname="backend.tests.test_pericl_p1_p2_features.TestAuditLog" name="test_audit_log_user_forbidden" time="0.097" /><testcase classname="backend.tests.test_pericl_p1_p2_features.TestAuditLog" name="test_role_change_writes_audit" time="0.237" /></testsuite></testsuites>