<?xml version="1.0" encoding="utf-8"?><testsuites name="pytest tests"><testsuite name="pytest" errors="0" failures="0" skipped="0" tests="21" time="30.098" timestamp="2026-05-08T12:21:35.799371+00:00" hostname="agent-env-34c7d5ae-8395-46f6-a6b1-bb7fd1519a66"><testcase classname="backend.tests.test_pericl_p3_p4_features.TestBehavioralEngine" name="test_scores_shape" time="0.135" /><testcase classname="backend.tests.test_pericl_p3_p4_features.TestBehavioralEngine" name="test_scores_stateless_empty" time="0.059" /><testcase classname="backend.tests.test_pericl_p3_p4_features.TestBehavioralEngine" name="test_scores_stateless_with_items" time="0.051" /><testcase classname="backend.tests.test_pericl_p3_p4_features.TestBehavioralEngine" name="test_insights_today_authed" time="3.492" /><testcase classname="backend.tests.test_pericl_p3_p4_features.TestBehavioralEngine" name="test_insights_today_stateless" time="2.449" /><testcase classname="backend.tests.test_pericl_p3_p4_features.TestPersonalityHistory" name="test_history_returns_list" time="0.069" /><testcase classname="backend.tests.test_pericl_p3_p4_features.TestBilling" name="test_pricing_us_public" time="0.137" /><testcase classname="backend.tests.test_pericl_p3_p4_features.TestBilling" name="test_pricing_in_public" time="0.135" /><testcase classname="backend.tests.test_pericl_p3_p4_features.TestBilling" name="test_billing_me" time="0.049" /><testcase classname="backend.tests.test_pericl_p3_p4_features.TestBilling" name="test_checkout_creates_session" time="0.567" /><testcase classname="backend.tests.test_pericl_p3_p4_features.TestBilling" name="test_checkout_invalid_package" time="0.058" /><testcase classname="backend.tests.test_pericl_p3_p4_features.TestAdminAnalytics" name="test_analytics_admin" time="0.146" /><testcase classname="backend.tests.test_pericl_p3_p4_features.TestAdminAnalytics" name="test_analytics_user_forbidden" time="0.050" /><testcase classname="backend.tests.test_pericl_p3_p4_features.TestDriftNudge" name="test_drift_nudge_authed" time="3.506" /><testcase classname="backend.tests.test_pericl_p3_p4_features.TestDriftNudge" name="test_drift_nudge_stateless" time="3.098" /><testcase classname="backend.tests.test_pericl_p3_p4_features.TestFreeTierLimit" name="test_chat_402_after_quota" time="15.717" /><testcase classname="backend.tests.test_pericl_p3_p4_features.TestRegressionSmoke" name="test_auth_me" time="0.047" /><testcase classname="backend.tests.test_pericl_p3_p4_features.TestRegressionSmoke" name="test_timeline" time="0.047" /><testcase classname="backend.tests.test_pericl_p3_p4_features.TestRegressionSmoke" name="test_missions" time="0.047" /><testcase classname="backend.tests.test_pericl_p3_p4_features.TestRegressionSmoke" name="test_storage_pref" time="0.052" /><testcase classname="backend.tests.test_pericl_p3_p4_features.TestRegressionSmoke" name="test_search" time="0.051" /></testsuite></testsuites>