<?xml version="1.0" encoding="utf-8"?><testsuites name="pytest tests"><testsuite name="pytest" errors="0" failures="0" skipped="0" tests="121" time="151.987" timestamp="2026-04-28T17:04:08.323611+00:00" hostname="agent-env-34c7d5ae-8395-46f6-a6b1-bb7fd1519a66"><testcase classname="backend.tests.test_pericl_admin_pydantic.TestAuthMe" name="test_super_admin_role" time="0.173" /><testcase classname="backend.tests.test_pericl_admin_pydantic.TestAuthMe" name="test_regular_user_role" time="0.335" /><testcase classname="backend.tests.test_pericl_admin_pydantic.TestAdminEndpoints" name="test_admin_users_super_admin" time="0.143" /><testcase classname="backend.tests.test_pericl_admin_pydantic.TestAdminEndpoints" name="test_admin_users_regular_403" time="0.291" /><testcase classname="backend.tests.test_pericl_admin_pydantic.TestAdminEndpoints" name="test_admin_stats_super_admin" time="0.113" /><testcase classname="backend.tests.test_pericl_admin_pydantic.TestAdminEndpoints" name="test_admin_stats_regular_403" time="0.112" /><testcase classname="backend.tests.test_pericl_admin_pydantic.TestRoleUpdates" name="test_promote_user_to_admin_then_demote" time="0.484" /><testcase classname="backend.tests.test_pericl_admin_pydantic.TestRoleUpdates" name="test_regular_admin_cannot_grant_admin" time="0.363" /><testcase classname="backend.tests.test_pericl_admin_pydantic.TestRoleUpdates" name="test_super_admin_cannot_be_demoted" time="0.129" /><testcase classname="backend.tests.test_pericl_admin_pydantic.TestRoleUpdates" name="test_invalid_role" time="0.358" /><testcase classname="backend.tests.test_pericl_admin_pydantic.TestDeleteUser" name="test_regular_admin_cannot_delete" time="0.385" /><testcase classname="backend.tests.test_pericl_admin_pydantic.TestDeleteUser" name="test_cannot_delete_super_admin" time="0.132" /><testcase classname="backend.tests.test_pericl_admin_pydantic.TestDeleteUser" name="test_super_admin_can_delete_user_cascade" time="1.049" /><testcase classname="backend.tests.test_pericl_admin_pydantic.TestPydanticScores" name="test_invalid_scores_400" time="0.157" /><testcase classname="backend.tests.test_pericl_admin_pydantic.TestPydanticScores" name="test_empty_scores_defaults_to_zero" time="5.378" /><testcase classname="backend.tests.test_pericl_admin_pydantic.TestPydanticScores" name="test_personality_analyze_invalid_scores" time="0.182" /><testcase classname="backend.tests.test_pericl_admin_pydantic.TestRegression" name="test_text_note" time="5.498" /><testcase classname="backend.tests.test_pericl_admin_pydantic.TestRegression" name="test_timeline" time="0.176" /><testcase classname="backend.tests.test_pericl_admin_pydantic.TestRegression" name="test_profile" time="0.105" /><testcase classname="backend.tests.test_pericl_admin_pydantic.TestRegression" name="test_categorize" time="1.230" /><testcase classname="backend.tests.test_pericl_backend" name="test_health_root" time="0.121" /><testcase classname="backend.tests.test_pericl_backend" name="test_auth_me_unauthenticated" time="0.154" /><testcase classname="backend.tests.test_pericl_backend" name="test_auth_me_with_bearer" time="0.121" /><testcase classname="backend.tests.test_pericl_backend" name="test_create_text_note_with_extracted" time="3.765" /><testcase classname="backend.tests.test_pericl_backend" name="test_timeline_returns_items" time="0.169" /><testcase classname="backend.tests.test_pericl_backend" name="test_patch_item_complete" time="0.118" /><testcase classname="backend.tests.test_pericl_backend" name="test_patch_item_invalid_field" time="0.128" /><testcase classname="backend.tests.test_pericl_backend" name="test_patch_item_not_found" time="0.132" /><testcase classname="backend.tests.test_pericl_backend" name="test_delete_extracted_item" time="0.235" /><testcase classname="backend.tests.test_pericl_backend" name="test_recap_today" time="2.300" /><testcase classname="backend.tests.test_pericl_backend" name="test_voice_note_upload_and_audio_stream" time="2.705" /><testcase classname="backend.tests.test_pericl_backend" name="test_voice_note_empty_audio_rejected" time="0.108" /><testcase classname="backend.tests.test_pericl_backend" name="test_text_note_empty_rejected" time="0.127" /><testcase classname="backend.tests.test_pericl_backend" name="test_audio_not_found" time="0.125" /><testcase classname="backend.tests.test_pericl_mirror_chat.TestHelpers" name="test_parse_top_goals_3_lines" time="0.000" /><testcase classname="backend.tests.test_pericl_mirror_chat.TestHelpers" name="test_parse_top_goals_empty" time="0.000" /><testcase classname="backend.tests.test_pericl_mirror_chat.TestHelpers" name="test_parse_top_goals_sentences" time="0.000" /><testcase classname="backend.tests.test_pericl_mirror_chat.TestHelpers" name="test_compute_behavior_signals" time="0.000" /><testcase classname="backend.tests.test_pericl_mirror_chat.TestStatelessChatMirror" name="test_drift_scenario_structure" time="5.179" /><testcase classname="backend.tests.test_pericl_mirror_chat.TestStatelessChatMirror" name="test_high_energy_scenario" time="4.794" /><testcase classname="backend.tests.test_pericl_mirror_chat.TestStatelessChatMirror" name="test_sad_mood_softer_tone" time="4.218" /><testcase classname="backend.tests.test_pericl_mirror_chat.TestStatelessChatMirror" name="test_empty_message_400" time="0.172" /><testcase classname="backend.tests.test_pericl_mirror_chat.TestStatelessChatMirror" name="test_missing_optional_fields_still_works" time="3.814" /><testcase classname="backend.tests.test_pericl_mirror_chat.TestStatelessChatMirror" name="test_unauth_401" time="0.134" /><testcase classname="backend.tests.test_pericl_mirror_chat.TestCloudChatMirror" name="test_cloud_chat_reply_structure" time="4.259" /><testcase classname="backend.tests.test_pericl_mirror_chat.TestRegressionEndpoints" name="test_auth_me" time="0.116" /><testcase classname="backend.tests.test_pericl_mirror_chat.TestRegressionEndpoints" name="test_timeline" time="0.105" /><testcase classname="backend.tests.test_pericl_mirror_chat.TestRegressionEndpoints" name="test_storage_pref" time="0.110" /><testcase classname="backend.tests.test_pericl_mirror_chat.TestRegressionEndpoints" name="test_admin_users_super" time="0.114" /><testcase classname="backend.tests.test_pericl_mirror_chat.TestRegressionEndpoints" name="test_ai_categorize" time="1.672" /><testcase classname="backend.tests.test_pericl_mirror_chat.TestRegressionEndpoints" name="test_daily_prompt" time="0.107" /><testcase classname="backend.tests.test_pericl_mirror_chat.TestRegressionEndpoints" name="test_recap_stateless" time="1.580" /><testcase classname="backend.tests.test_pericl_mirror_chat.TestRegressionEndpoints" name="test_personality_assess_validation" time="6.439" /><testcase classname="backend.tests.test_pericl_new_features" name="test_auth_me_works" time="0.143" /><testcase classname="backend.tests.test_pericl_new_features.TestProfile" name="test_get_default_profile" time="0.119" /><testcase classname="backend.tests.test_pericl_new_features.TestProfile" name="test_put_profile_persists" time="0.243" /><testcase classname="backend.tests.test_pericl_new_features.TestPersonality" name="test_assess_returns_mbti" time="5.531" /><testcase classname="backend.tests.test_pericl_new_features.TestPersonality" name="test_personality_latest" time="0.152" /><testcase classname="backend.tests.test_pericl_new_features.TestPersonality" name="test_personality_result_by_id" time="0.120" /><testcase classname="backend.tests.test_pericl_new_features.TestPersonality" name="test_personality_result_not_found" time="0.123" /><testcase classname="backend.tests.test_pericl_new_features.TestAiChat" name="test_clear_chat_first" time="0.169" /><testcase classname="backend.tests.test_pericl_new_features.TestAiChat" name="test_messages_initially_empty" time="0.105" /><testcase classname="backend.tests.test_pericl_new_features.TestAiChat" name="test_chat_send" time="3.488" /><testcase classname="backend.tests.test_pericl_new_features.TestAiChat" name="test_messages_persist_chronological" time="0.177" /><testcase classname="backend.tests.test_pericl_new_features.TestAiChat" name="test_delete_single_message" time="0.270" /><testcase classname="backend.tests.test_pericl_new_features.TestAiChat" name="test_clear_all_messages" time="0.228" /><testcase classname="backend.tests.test_pericl_new_features.TestAiChat" name="test_chat_empty_message_rejected" time="0.193" /><testcase classname="backend.tests.test_pericl_new_features.TestDailyPrompt" name="test_get_creates_today_prompt" time="0.167" /><testcase classname="backend.tests.test_pericl_new_features.TestDailyPrompt" name="test_get_idempotent" time="0.117" /><testcase classname="backend.tests.test_pericl_new_features.TestDailyPrompt" name="test_respond_marks_completed" time="0.123" /><testcase classname="backend.tests.test_pericl_new_features.TestDailyPrompt" name="test_respond_empty_rejected" time="0.124" /><testcase classname="backend.tests.test_pericl_new_features.TestDailyPrompt" name="test_history_contains_today" time="0.113" /><testcase classname="backend.tests.test_pericl_new_features.TestDailyPrompt" name="test_delete_prompt" time="0.236" /><testcase classname="backend.tests.test_pericl_new_features" name="test_unauthenticated_profile" time="0.116" /><testcase classname="backend.tests.test_pericl_new_features" name="test_unauthenticated_chat" time="0.110" /><testcase classname="backend.tests.test_pericl_p1_p2_features.TestAuthAndRegression" name="test_auth_me_user" time="0.122" /><testcase classname="backend.tests.test_pericl_p1_p2_features.TestAuthAndRegression" name="test_auth_me_admin" time="0.114" /><testcase classname="backend.tests.test_pericl_p1_p2_features.TestAuthAndRegression" name="test_timeline" time="0.077" /><testcase classname="backend.tests.test_pericl_p1_p2_features.TestAuthAndRegression" name="test_storage_pref" time="0.071" /><testcase classname="backend.tests.test_pericl_p1_p2_features.TestAuthAndRegression" name="test_missions" time="0.056" /><testcase classname="backend.tests.test_pericl_p1_p2_features.TestAuthAndRegression" name="test_personality_latest" time="0.057" /><testcase classname="backend.tests.test_pericl_p1_p2_features.TestSearch" name="test_search_empty_query" time="0.060" /><testcase classname="backend.tests.test_pericl_p1_p2_features.TestSearch" name="test_search_returns_shape" time="0.053" /><testcase classname="backend.tests.test_pericl_p1_p2_features.TestSearch" name="test_search_after_creating_unique_note" time="3.580" /><testcase classname="backend.tests.test_pericl_p1_p2_features.TestSearch" name="test_search_unauthenticated" time="0.145" /><testcase classname="backend.tests.test_pericl_p1_p2_features.TestStreamingChat" name="test_stateless_stream_does_not_persist" time="2.322" /><testcase classname="backend.tests.test_pericl_p1_p2_features.TestStreamingChat" name="test_cloud_stream_persists_and_meta" time="2.989" /><testcase classname="backend.tests.test_pericl_p1_p2_features.TestStreamingChat" name="test_stream_empty_message" time="0.149" /><testcase classname="backend.tests.test_pericl_p1_p2_features.TestBigFive" name="test_big_five_assess_persists" time="6.446" /><testcase classname="backend.tests.test_pericl_p1_p2_features.TestBigFive" name="test_big_five_stateless_no_persist" time="19.272" /><testcase classname="backend.tests.test_pericl_p1_p2_features.TestBigFive" name="test_big_five_empty_answers" time="0.056" /><testcase classname="backend.tests.test_pericl_p1_p2_features.TestMoodTimeline" name="test_mood_timeline_default" time="0.053" /><testcase classname="backend.tests.test_pericl_p1_p2_features.TestMoodTimeline" name="test_mood_timeline_days_param" time="0.048" /><testcase classname="backend.tests.test_pericl_p1_p2_features.TestSync" name="test_sync_export_shape" time="0.055" /><testcase classname="backend.tests.test_pericl_p1_p2_features.TestSync" name="test_sync_import_idempotent" time="0.236" /><testcase classname="backend.tests.test_pericl_p1_p2_features.TestAuditLog" name="test_audit_log_listing" time="0.066" /><testcase classname="backend.tests.test_pericl_p1_p2_features.TestAuditLog" name="test_audit_log_user_forbidden" time="0.049" /><testcase classname="backend.tests.test_pericl_p1_p2_features.TestAuditLog" name="test_role_change_writes_audit" time="0.217" /><testcase classname="backend.tests.test_pericl_privacy_stateless.TestStoragePref" name="test_get_default_pref" time="7.460" /><testcase classname="backend.tests.test_pericl_privacy_stateless.TestStoragePref" name="test_put_cloud_clears_next_prompt" time="0.115" /><testcase classname="backend.tests.test_pericl_privacy_stateless.TestStoragePref" name="test_put_never_clears_next_prompt" time="0.135" /><testcase classname="backend.tests.test_pericl_privacy_stateless.TestStoragePref" name="test_put_invalid_mode" time="0.114" /><testcase classname="backend.tests.test_pericl_privacy_stateless.TestStoragePref" name="test_put_local_sets_next_prompt" time="0.128" /><testcase classname="backend.tests.test_pericl_privacy_stateless.TestStoragePref" name="test_prompt_shown_pushes_next" time="0.384" /><testcase classname="backend.tests.test_pericl_privacy_stateless.TestStoragePref" name="test_unauth_storage" time="0.123" /><testcase classname="backend.tests.test_pericl_privacy_stateless.TestStatelessNoWrites" name="test_categorize_no_writes" time="1.374" /><testcase classname="backend.tests.test_pericl_privacy_stateless.TestStatelessNoWrites" name="test_categorize_empty_rejected" time="0.136" /><testcase classname="backend.tests.test_pericl_privacy_stateless.TestStatelessNoWrites" name="test_personality_analyze_no_writes" time="6.080" /><testcase classname="backend.tests.test_pericl_privacy_stateless.TestStatelessNoWrites" name="test_chat_stateless_no_writes_and_identity" time="3.525" /><testcase classname="backend.tests.test_pericl_privacy_stateless.TestStatelessNoWrites" name="test_chat_stateless_empty_rejected" time="0.120" /><testcase classname="backend.tests.test_pericl_privacy_stateless.TestStatelessNoWrites" name="test_recap_stateless_no_writes" time="1.620" /><testcase classname="backend.tests.test_pericl_privacy_stateless.TestStatelessNoWrites" name="test_daily_prompt_pick_no_writes" time="0.194" /><testcase classname="backend.tests.test_pericl_privacy_stateless.TestStatelessNoWrites" name="test_transcribe_empty_audio_rejected" time="0.127" /><testcase classname="backend.tests.test_pericl_privacy_stateless.TestStatelessNoWrites" name="test_unauth_stateless" time="0.240" /><testcase classname="backend.tests.test_pericl_privacy_stateless.TestExistingCloudEndpointsRegression" name="test_notes_text_still_writes" time="4.660" /><testcase classname="backend.tests.test_pericl_privacy_stateless.TestExistingCloudEndpointsRegression" name="test_timeline_returns_list" time="0.152" /><testcase classname="backend.tests.test_pericl_privacy_stateless.TestExistingCloudEndpointsRegression" name="test_profile_get_put" time="0.295" /><testcase classname="backend.tests.test_pericl_privacy_stateless.TestExistingCloudEndpointsRegression" name="test_personality_assess_writes" time="8.236" /><testcase classname="backend.tests.test_pericl_privacy_stateless.TestExistingCloudEndpointsRegression" name="test_ai_chat_writes" time="4.575" /><testcase classname="backend.tests.test_pericl_privacy_stateless.TestExistingCloudEndpointsRegression" name="test_daily_prompt_today" time="0.124" /><testcase classname="backend.tests.test_pericl_privacy_stateless.TestExistingCloudEndpointsRegression" name="test_recap_today" time="1.952" /></testsuite></testsuites>