<?xml version="1.0" encoding="utf-8"?><testsuites name="pytest tests"><testsuite name="pytest" errors="0" failures="1" skipped="0" tests="23" time="41.355" timestamp="2026-04-28T13:57:19.646982+00:00" hostname="agent-env-34c7d5ae-8395-46f6-a6b1-bb7fd1519a66"><testcase classname="backend.tests.test_pericl_privacy_stateless.TestStoragePref" name="test_get_default_pref" time="0.458" /><testcase classname="backend.tests.test_pericl_privacy_stateless.TestStoragePref" name="test_put_cloud_clears_next_prompt" time="0.125" /><testcase classname="backend.tests.test_pericl_privacy_stateless.TestStoragePref" name="test_put_never_clears_next_prompt" time="0.152" /><testcase classname="backend.tests.test_pericl_privacy_stateless.TestStoragePref" name="test_put_invalid_mode" time="0.161" /><testcase classname="backend.tests.test_pericl_privacy_stateless.TestStoragePref" name="test_put_local_sets_next_prompt" time="0.121" /><testcase classname="backend.tests.test_pericl_privacy_stateless.TestStoragePref" name="test_prompt_shown_pushes_next" time="0.397" /><testcase classname="backend.tests.test_pericl_privacy_stateless.TestStoragePref" name="test_unauth_storage" time="0.129" /><testcase classname="backend.tests.test_pericl_privacy_stateless.TestStatelessNoWrites" name="test_categorize_no_writes" time="1.865" /><testcase classname="backend.tests.test_pericl_privacy_stateless.TestStatelessNoWrites" name="test_categorize_empty_rejected" time="0.110" /><testcase classname="backend.tests.test_pericl_privacy_stateless.TestStatelessNoWrites" name="test_personality_analyze_no_writes" time="8.351" /><testcase classname="backend.tests.test_pericl_privacy_stateless.TestStatelessNoWrites" name="test_chat_stateless_no_writes_and_identity" time="7.160" /><testcase classname="backend.tests.test_pericl_privacy_stateless.TestStatelessNoWrites" name="test_chat_stateless_empty_rejected" time="0.190" /><testcase classname="backend.tests.test_pericl_privacy_stateless.TestStatelessNoWrites" name="test_recap_stateless_no_writes" time="1.930" /><testcase classname="backend.tests.test_pericl_privacy_stateless.TestStatelessNoWrites" name="test_daily_prompt_pick_no_writes" time="0.157" /><testcase classname="backend.tests.test_pericl_privacy_stateless.TestStatelessNoWrites" name="test_transcribe_empty_audio_rejected" time="0.115" /><testcase classname="backend.tests.test_pericl_privacy_stateless.TestStatelessNoWrites" name="test_unauth_stateless" time="0.258" /><testcase classname="backend.tests.test_pericl_privacy_stateless.TestExistingCloudEndpointsRegression" name="test_notes_text_still_writes" time="1.539" /><testcase classname="backend.tests.test_pericl_privacy_stateless.TestExistingCloudEndpointsRegression" name="test_timeline_returns_list" time="0.122" /><testcase classname="backend.tests.test_pericl_privacy_stateless.TestExistingCloudEndpointsRegression" name="test_profile_get_put" time="0.233" /><testcase classname="backend.tests.test_pericl_privacy_stateless.TestExistingCloudEndpointsRegression" name="test_personality_assess_writes" time="9.389" /><testcase classname="backend.tests.test_pericl_privacy_stateless.TestExistingCloudEndpointsRegression" name="test_ai_chat_writes" time="7.908" /><testcase classname="backend.tests.test_pericl_privacy_stateless.TestExistingCloudEndpointsRegression" name="test_daily_prompt_today" time="0.215" /><testcase classname="backend.tests.test_pericl_privacy_stateless.TestExistingCloudEndpointsRegression" name="test_recap_today" time="0.123"><failure message="assert 405 == 200&#10; +  where 405 = &lt;Response [405]&gt;.status_code">backend/tests/test_pericl_privacy_stateless.py:281: in test_recap_today
    assert r.status_code == 200
E   assert 405 == 200
E    +  where 405 = &lt;Response [405]&gt;.status_code</failure></testcase></testsuite></testsuites>