<?xml version="1.0" encoding="utf-8"?><testsuites name="pytest tests"><testsuite name="pytest" errors="0" failures="0" skipped="0" tests="14" time="7.036" timestamp="2026-04-28T12:40:27.689600+00:00" hostname="agent-env-34c7d5ae-8395-46f6-a6b1-bb7fd1519a66"><testcase classname="backend.tests.test_pericl_backend" name="test_health_root" time="0.155" /><testcase classname="backend.tests.test_pericl_backend" name="test_auth_me_unauthenticated" time="0.107" /><testcase classname="backend.tests.test_pericl_backend" name="test_auth_me_with_bearer" time="0.111" /><testcase classname="backend.tests.test_pericl_backend" name="test_create_text_note_with_extracted" time="2.579" /><testcase classname="backend.tests.test_pericl_backend" name="test_timeline_returns_items" time="0.107" /><testcase classname="backend.tests.test_pericl_backend" name="test_patch_item_complete" time="0.121" /><testcase classname="backend.tests.test_pericl_backend" name="test_patch_item_invalid_field" time="0.107" /><testcase classname="backend.tests.test_pericl_backend" name="test_patch_item_not_found" time="0.120" /><testcase classname="backend.tests.test_pericl_backend" name="test_delete_extracted_item" time="0.216" /><testcase classname="backend.tests.test_pericl_backend" name="test_recap_today" time="1.633" /><testcase classname="backend.tests.test_pericl_backend" name="test_voice_note_upload_and_audio_stream" time="1.337" /><testcase classname="backend.tests.test_pericl_backend" name="test_voice_note_empty_audio_rejected" time="0.117" /><testcase classname="backend.tests.test_pericl_backend" name="test_text_note_empty_rejected" time="0.107" /><testcase classname="backend.tests.test_pericl_backend" name="test_audio_not_found" time="0.131" /></testsuite></testsuites>