<?xml version="1.0" encoding="utf-8"?><testsuites name="pytest tests"><testsuite name="pytest" errors="0" failures="0" skipped="0" tests="22" time="16.459" timestamp="2026-04-28T12:39:41.115210+00:00" hostname="agent-env-34c7d5ae-8395-46f6-a6b1-bb7fd1519a66"><testcase classname="backend.tests.test_pericl_new_features" name="test_auth_me_works" time="0.159" /><testcase classname="backend.tests.test_pericl_new_features.TestProfile" name="test_get_default_profile" time="0.413" /><testcase classname="backend.tests.test_pericl_new_features.TestProfile" name="test_put_profile_persists" time="0.230" /><testcase classname="backend.tests.test_pericl_new_features.TestPersonality" name="test_assess_returns_mbti" time="6.512" /><testcase classname="backend.tests.test_pericl_new_features.TestPersonality" name="test_personality_latest" time="0.155" /><testcase classname="backend.tests.test_pericl_new_features.TestPersonality" name="test_personality_result_by_id" time="0.137" /><testcase classname="backend.tests.test_pericl_new_features.TestPersonality" name="test_personality_result_not_found" time="0.110" /><testcase classname="backend.tests.test_pericl_new_features.TestAiChat" name="test_clear_chat_first" time="0.118" /><testcase classname="backend.tests.test_pericl_new_features.TestAiChat" name="test_messages_initially_empty" time="0.114" /><testcase classname="backend.tests.test_pericl_new_features.TestAiChat" name="test_chat_send" time="6.621" /><testcase classname="backend.tests.test_pericl_new_features.TestAiChat" name="test_messages_persist_chronological" time="0.157" /><testcase classname="backend.tests.test_pericl_new_features.TestAiChat" name="test_delete_single_message" time="0.233" /><testcase classname="backend.tests.test_pericl_new_features.TestAiChat" name="test_clear_all_messages" time="0.249" /><testcase classname="backend.tests.test_pericl_new_features.TestAiChat" name="test_chat_empty_message_rejected" time="0.102" /><testcase classname="backend.tests.test_pericl_new_features.TestDailyPrompt" name="test_get_creates_today_prompt" time="0.115" /><testcase classname="backend.tests.test_pericl_new_features.TestDailyPrompt" name="test_get_idempotent" time="0.125" /><testcase classname="backend.tests.test_pericl_new_features.TestDailyPrompt" name="test_respond_marks_completed" time="0.123" /><testcase classname="backend.tests.test_pericl_new_features.TestDailyPrompt" name="test_respond_empty_rejected" time="0.112" /><testcase classname="backend.tests.test_pericl_new_features.TestDailyPrompt" name="test_history_contains_today" time="0.110" /><testcase classname="backend.tests.test_pericl_new_features.TestDailyPrompt" name="test_delete_prompt" time="0.232" /><testcase classname="backend.tests.test_pericl_new_features" name="test_unauthenticated_profile" time="0.126" /><testcase classname="backend.tests.test_pericl_new_features" name="test_unauthenticated_chat" time="0.110" /></testsuite></testsuites>