<?xml version="1.0" encoding="utf-8"?><testsuites name="pytest tests"><testsuite name="pytest" errors="0" failures="0" skipped="0" tests="14" time="10.539" timestamp="2026-04-28T12:06:40.259192+00:00" hostname="agent-env-34c7d5ae-8395-46f6-a6b1-bb7fd1519a66"><testcase classname="backend.tests.test_pericl_backend" name="test_health_root" time="0.132" /><testcase classname="backend.tests.test_pericl_backend" name="test_auth_me_unauthenticated" time="0.144" /><testcase classname="backend.tests.test_pericl_backend" name="test_auth_me_with_bearer" time="0.147" /><testcase classname="backend.tests.test_pericl_backend" name="test_create_text_note_with_extracted" time="4.126" /><testcase classname="backend.tests.test_pericl_backend" name="test_timeline_returns_items" time="0.113" /><testcase classname="backend.tests.test_pericl_backend" name="test_patch_item_complete" time="0.110" /><testcase classname="backend.tests.test_pericl_backend" name="test_patch_item_invalid_field" time="0.118" /><testcase classname="backend.tests.test_pericl_backend" name="test_patch_item_not_found" time="0.104" /><testcase classname="backend.tests.test_pericl_backend" name="test_delete_extracted_item" time="0.286" /><testcase classname="backend.tests.test_pericl_backend" name="test_recap_today" time="1.586" /><testcase classname="backend.tests.test_pericl_backend" name="test_voice_note_upload_and_audio_stream" time="3.153" /><testcase classname="backend.tests.test_pericl_backend" name="test_voice_note_empty_audio_rejected" time="0.151" /><testcase classname="backend.tests.test_pericl_backend" name="test_text_note_empty_rejected" time="0.130" /><testcase classname="backend.tests.test_pericl_backend" name="test_audio_not_found" time="0.160" /></testsuite></testsuites>